#
# A fatal error has been detected by the Java Runtime Environment:
#
#  EXCEPTION_ACCESS_VIOLATION (0xc0000005) at pc=0x649eac2f, pid=1476, tid=5780
#
# JRE version: Java(TM) SE Runtime Environment (7.0_51-b13) (build 1.7.0_51-b13)
# Java VM: Java HotSpot(TM) Client VM (24.51-b03 mixed mode, sharing windows-x86 )
# Problematic frame:
# V  [jvm.dll+0x6ac2f]
#
# Failed to write core dump. Minidumps are not enabled by default on client versions of Windows
#
# If you would like to submit a bug report, please visit:
#   http://bugreport.sun.com/bugreport/crash.jsp
#

---------------  T H R E A D  ---------------

Current thread (0x01fcb800):  JavaThread "main" [_thread_in_vm, id=5780, stack(0x01fd0000,0x02020000)]

siginfo: ExceptionCode=0xc0000005, reading address 0x00000020

Registers:
EAX=0x39222a80, EBX=0x000000bb, ECX=0x39222a88, EDX=0x00000000
ESP=0x0201f3e8, EBP=0x0201f400, ESI=0x01fcb800, EDI=0x01fcc170
EIP=0x649eac2f, EFLAGS=0x00010202

Top of Stack: (sp=0x0201f3e8)
0x0201f3e8:   01fcb800 38334c18 000000bb 01fcc170
0x0201f3f8:   01fcc16c 01fcb800 0201f43c 021a0d6c
0x0201f408:   01fcb800 38d3b078 000000b3 021a0d41
0x0201f418:   0eae10e8 0201f41c 38334c18 0201f444
0x0201f428:   38d3b668 00000000 38d3c458 00000000
0x0201f438:   0201f444 0201f468 0219339a 0eae10e8
0x0201f448:   0201f448 2c4f9e7f 0201f498 2c4ff748
0x0201f458:   00000000 2c4f9fe8 0201f444 0201f488 

Instructions: (pc=0x649eac2f)
0x649eac0f:   e5 5d c3 50 56 8d 4d f4 e8 f4 6d fa ff 8b 7d f4
0x649eac1f:   85 ff 75 04 33 c0 eb 02 8b 07 8b 50 08 8d 48 08
0x649eac2f:   8b 42 20 56 6a 01 ff d0 83 7e 04 00 74 72 8b 7e
0x649eac3f:   28 8b 4f 08 83 39 00 8b 5f 04 74 13 8b 57 14 52 


Register to memory mapping:

EAX=
[error occurred during error reporting (printing register info), id 0xc0000005]

Stack: [0x01fd0000,0x02020000],  sp=0x0201f3e8,  free space=316k
Native frames: (J=compiled Java code, j=interpreted, Vv=VM code, C=native code)
V  [jvm.dll+0x6ac2f]
j  java.util.Hashtable.keySet()Ljava/util/Set;+8
j  jline.ConsoleReader.<init>(Ljava/io/InputStream;Ljava/io/Writer;Ljava/io/InputStream;Ljline/Terminal;)V+263
j  jline.ConsoleReader.<init>(Ljava/io/InputStream;Ljava/io/Writer;Ljava/io/InputStream;)V+7
j  jline.ConsoleReader.<init>(Ljava/io/InputStream;Ljava/io/Writer;)V+4
j  grails.build.logging.GrailsConsole.createConsoleReader()Ljline/ConsoleReader;+18
j  grails.build.logging.GrailsEclipseConsole.createConsoleReader()Ljline/ConsoleReader;+1
j  grails.build.logging.GrailsConsole.<init>()V+137
j  grails.build.logging.GrailsEclipseConsole.<init>()V+1
j  org.grails.ide.eclipse.runtime.GrailsEclipseConsole.<init>()V+1
j  org.grails.ide.eclipse.longrunning.process.GrailsProcess.run()V+69
j  org.grails.ide.eclipse.longrunning.process.GrailsProcess.main([Ljava/lang/String;)V+68
v  ~StubRoutines::call_stub
V  [jvm.dll+0x13f35a]
V  [jvm.dll+0x202c6e]
V  [jvm.dll+0x13f3dd]
V  [jvm.dll+0x14b6ee]
V  [jvm.dll+0x14b915]
V  [jvm.dll+0xf1309]
C  [java.dll+0x7d6e]
j  sun.reflect.NativeMethodAccessorImpl.invoke(Ljava/lang/Object;[Ljava/lang/Object;)Ljava/lang/Object;+87
j  sun.reflect.DelegatingMethodAccessorImpl.invoke(Ljava/lang/Object;[Ljava/lang/Object;)Ljava/lang/Object;+6
j  java.lang.reflect.Method.invoke(Ljava/lang/Object;[Ljava/lang/Object;)Ljava/lang/Object;+57
j  org.codehaus.groovy.grails.cli.support.GrailsStarter.rootLoader([Ljava/lang/String;)V+1245
j  org.codehaus.groovy.grails.cli.support.GrailsStarter.main([Ljava/lang/String;)V+1
v  ~StubRoutines::call_stub
V  [jvm.dll+0x13f35a]
V  [jvm.dll+0x202c6e]
V  [jvm.dll+0x13f3dd]
V  [jvm.dll+0xc9945]
V  [jvm.dll+0xd45e7]
C  [javaw.exe+0x2070]
C  [javaw.exe+0xa5b1]
C  [javaw.exe+0xa63b]
C  [KERNEL32.DLL+0x173e]
C  [ntdll.dll+0x56911]
C  [ntdll.dll+0x568bd]

Java frames: (J=compiled Java code, j=interpreted, Vv=VM code)
j  java.util.Hashtable.keySet()Ljava/util/Set;+8
j  jline.ConsoleReader.<init>(Ljava/io/InputStream;Ljava/io/Writer;Ljava/io/InputStream;Ljline/Terminal;)V+263
j  jline.ConsoleReader.<init>(Ljava/io/InputStream;Ljava/io/Writer;Ljava/io/InputStream;)V+7
j  jline.ConsoleReader.<init>(Ljava/io/InputStream;Ljava/io/Writer;)V+4
j  grails.build.logging.GrailsConsole.createConsoleReader()Ljline/ConsoleReader;+18
j  grails.build.logging.GrailsEclipseConsole.createConsoleReader()Ljline/ConsoleReader;+1
j  grails.build.logging.GrailsConsole.<init>()V+137
j  grails.build.logging.GrailsEclipseConsole.<init>()V+1
j  org.grails.ide.eclipse.runtime.GrailsEclipseConsole.<init>()V+1
j  org.grails.ide.eclipse.longrunning.process.GrailsProcess.run()V+69
j  org.grails.ide.eclipse.longrunning.process.GrailsProcess.main([Ljava/lang/String;)V+68
v  ~StubRoutines::call_stub
j  sun.reflect.NativeMethodAccessorImpl.invoke0(Ljava/lang/reflect/Method;Ljava/lang/Object;[Ljava/lang/Object;)Ljava/lang/Object;+0
j  sun.reflect.NativeMethodAccessorImpl.invoke(Ljava/lang/Object;[Ljava/lang/Object;)Ljava/lang/Object;+87
j  sun.reflect.DelegatingMethodAccessorImpl.invoke(Ljava/lang/Object;[Ljava/lang/Object;)Ljava/lang/Object;+6
j  java.lang.reflect.Method.invoke(Ljava/lang/Object;[Ljava/lang/Object;)Ljava/lang/Object;+57
j  org.codehaus.groovy.grails.cli.support.GrailsStarter.rootLoader([Ljava/lang/String;)V+1245
j  org.codehaus.groovy.grails.cli.support.GrailsStarter.main([Ljava/lang/String;)V+1
v  ~StubRoutines::call_stub

---------------  P R O C E S S  ---------------

Java Threads: ( => current thread )
  0x05c3f000 JavaThread "Thread-8" daemon [_thread_in_native, id=2928, stack(0x04c00000,0x04c50000)]
  0x05c3d000 JavaThread "pool-10-thread-5" [_thread_blocked, id=928, stack(0x078e0000,0x07930000)]
  0x05c40c00 JavaThread "pool-10-thread-4" [_thread_blocked, id=3496, stack(0x07890000,0x078e0000)]
  0x05c3e000 JavaThread "pool-10-thread-3" [_thread_blocked, id=3572, stack(0x07840000,0x07890000)]
  0x05c3f800 JavaThread "pool-10-thread-2" [_thread_blocked, id=1084, stack(0x077f0000,0x07840000)]
  0x056d9000 JavaThread "pool-10-thread-1" [_thread_blocked, id=4392, stack(0x077a0000,0x077f0000)]
  0x0549b400 JavaThread "pool-9-thread-5" [_thread_blocked, id=632, stack(0x07700000,0x07750000)]
  0x0549c400 JavaThread "pool-9-thread-4" [_thread_blocked, id=4532, stack(0x076b0000,0x07700000)]
  0x05498c00 JavaThread "pool-9-thread-3" [_thread_blocked, id=4844, stack(0x07660000,0x076b0000)]
  0x0549c000 JavaThread "pool-9-thread-2" [_thread_blocked, id=4768, stack(0x07610000,0x07660000)]
  0x0549a800 JavaThread "pool-9-thread-1" [_thread_blocked, id=3180, stack(0x07430000,0x07480000)]
  0x0549a000 JavaThread "pool-8-thread-5" [_thread_blocked, id=4752, stack(0x075c0000,0x07610000)]
  0x05499800 JavaThread "pool-8-thread-4" [_thread_blocked, id=4708, stack(0x07570000,0x075c0000)]
  0x0549b800 JavaThread "pool-8-thread-3" [_thread_blocked, id=3864, stack(0x07520000,0x07570000)]
  0x0549ac00 JavaThread "pool-8-thread-2" [_thread_blocked, id=3836, stack(0x074d0000,0x07520000)]
  0x058b1000 JavaThread "pool-8-thread-1" [_thread_blocked, id=1224, stack(0x07480000,0x074d0000)]
  0x056d8000 JavaThread "pool-7-thread-5" [_thread_blocked, id=5512, stack(0x073e0000,0x07430000)]
  0x056d7c00 JavaThread "pool-7-thread-4" [_thread_blocked, id=3544, stack(0x07390000,0x073e0000)]
  0x056d6800 JavaThread "pool-7-thread-3" [_thread_blocked, id=2968, stack(0x071b0000,0x07200000)]
  0x056d7400 JavaThread "pool-7-thread-2" [_thread_blocked, id=5552, stack(0x06e40000,0x06e90000)]
  0x056d9400 JavaThread "pool-7-thread-1" [_thread_blocked, id=3012, stack(0x04ca0000,0x04cf0000)]
  0x056d8800 JavaThread "pool-5-thread-5" [_thread_blocked, id=2868, stack(0x07340000,0x07390000)]
  0x056d6400 JavaThread "pool-5-thread-4" [_thread_blocked, id=4840, stack(0x072f0000,0x07340000)]
  0x056d9c00 JavaThread "pool-5-thread-3" [_thread_blocked, id=1572, stack(0x072a0000,0x072f0000)]
  0x058b3000 JavaThread "pool-5-thread-2" [_thread_blocked, id=3248, stack(0x07250000,0x072a0000)]
  0x058b4400 JavaThread "pool-5-thread-1" [_thread_blocked, id=260, stack(0x07200000,0x07250000)]
  0x058b0c00 JavaThread "pool-4-thread-5" [_thread_blocked, id=5816, stack(0x07160000,0x071b0000)]
  0x058b3800 JavaThread "pool-4-thread-4" [_thread_blocked, id=4668, stack(0x07110000,0x07160000)]
  0x058b2800 JavaThread "pool-4-thread-3" [_thread_blocked, id=352, stack(0x070c0000,0x07110000)]
  0x058b2400 JavaThread "pool-4-thread-2" [_thread_blocked, id=4064, stack(0x07070000,0x070c0000)]
  0x058b1c00 JavaThread "pool-4-thread-1" [_thread_blocked, id=2032, stack(0x07020000,0x07070000)]
  0x058b3c00 JavaThread "pool-2-thread-5" [_thread_blocked, id=4248, stack(0x06fd0000,0x07020000)]
  0x058b1800 JavaThread "pool-2-thread-4" [_thread_blocked, id=4864, stack(0x06f80000,0x06fd0000)]
  0x04908400 JavaThread "pool-2-thread-3" [_thread_blocked, id=2848, stack(0x06f30000,0x06f80000)]
  0x04908c00 JavaThread "pool-2-thread-2" [_thread_blocked, id=3256, stack(0x06ee0000,0x06f30000)]
  0x0592f000 JavaThread "pool-2-thread-1" [_thread_blocked, id=1124, stack(0x06e90000,0x06ee0000)]
  0x057a6800 JavaThread "pool-1-thread-5" [_thread_blocked, id=616, stack(0x06df0000,0x06e40000)]
  0x057a6000 JavaThread "pool-1-thread-4" [_thread_blocked, id=2836, stack(0x06da0000,0x06df0000)]
  0x05063800 JavaThread "pool-1-thread-3" [_thread_blocked, id=4168, stack(0x06d50000,0x06da0000)]
  0x0583cc00 JavaThread "pool-1-thread-2" [_thread_blocked, id=4288, stack(0x06d00000,0x06d50000)]
  0x0583c800 JavaThread "pool-1-thread-1" [_thread_blocked, id=764, stack(0x06cb0000,0x06d00000)]
  0x047a3000 JavaThread "Thread-0" daemon [_thread_blocked, id=4728, stack(0x04c50000,0x04ca0000)]
  0x02128000 JavaThread "Service Thread" daemon [_thread_blocked, id=5312, stack(0x04680000,0x046d0000)]
  0x02121400 JavaThread "C1 CompilerThread0" daemon [_thread_blocked, id=1336, stack(0x04630000,0x04680000)]
  0x0211e000 JavaThread "Attach Listener" daemon [_thread_blocked, id=5984, stack(0x045e0000,0x04630000)]
  0x0211bc00 JavaThread "Signal Dispatcher" daemon [_thread_blocked, id=5504, stack(0x04590000,0x045e0000)]
  0x020b4000 JavaThread "Finalizer" daemon [_thread_blocked, id=6092, stack(0x04540000,0x04590000)]
  0x020af000 JavaThread "Reference Handler" daemon [_thread_blocked, id=2840, stack(0x044f0000,0x04540000)]
=>0x01fcb800 JavaThread "main" [_thread_in_vm, id=5780, stack(0x01fd0000,0x02020000)]

Other Threads:
  0x020ad000 VMThread [stack: 0x044a0000,0x044f0000] [id=5728]
  0x0214d400 WatcherThread [stack: 0x046d0000,0x04720000] [id=4228]

VM state:not at safepoint (normal execution)

VM Mutex/Monitor currently owned by a thread: None

Heap
 def new generation   total 50496K, used 42987K [0x0c320000, 0x0f9e0000, 0x16dc0000)
  eden space 44928K,  91% used [0x0c320000, 0x0eb51c68, 0x0ef00000)
  from space 5568K,  32% used [0x0f470000, 0x0f639210, 0x0f9e0000)
  to   space 5568K,   0% used [0x0ef00000, 0x0ef00000, 0x0f470000)
 tenured generation   total 111940K, used 78886K [0x16dc0000, 0x1db11000, 0x2c320000)
   the space 111940K,  70% used [0x16dc0000, 0x1bac9a70, 0x1bac9c00, 0x1db11000)
 compacting perm gen  total 24320K, used 24079K [0x2c320000, 0x2dae0000, 0x38320000)
   the space 24320K,  99% used [0x2c320000, 0x2daa3e90, 0x2daa4000, 0x2dae0000)
    ro space 10240K,  44% used [0x38320000, 0x38797e30, 0x38798000, 0x38d20000)
    rw space 12288K,  52% used [0x38d20000, 0x3936eb58, 0x3936ec00, 0x39920000)

Card table byte_map: [0x04210000,0x04380000] byte_map_base: 0x041ae700

Polling page: 0x01090000

Code Cache  [0x02190000, 0x02988000, 0x04190000)
 total_blobs=3767 nmethods=3356 adapters=345 free_code_cache=24634Kb largest_free_block=25218880

Compilation events (10 events):
Event: 135.310 Thread 0x02121400 3420   !         org.codehaus.groovy.reflection.CachedMethod::createPogoMetaMethodSite (129 bytes)
Event: 135.312 Thread 0x02121400 nmethod 3420 0x02981308 code [0x02981480, 0x02981adc]
Event: 135.366 Thread 0x02121400 3421             org.apache.xerces.impl.XMLScanner::normalizeWhitespace (56 bytes)
Event: 135.367 Thread 0x02121400 nmethod 3421 0x02982148 code [0x02982250, 0x02982340]
Event: 135.367 Thread 0x02121400 3422   !         java_lang_String$endsWith::call (38 bytes)
Event: 135.367 Thread 0x02121400 nmethod 3422 0x029824c8 code [0x02982610, 0x029827dc]
Event: 135.388 Thread 0x02121400 3423             org.apache.xerces.util.XMLAttributesImpl::getQName (38 bytes)
Event: 135.388 Thread 0x02121400 nmethod 3423 0x02982ac8 code [0x02982bd0, 0x02982cb0]
Event: 135.396 Thread 0x02121400 3424             groovy.lang.ExpandoMetaClass::createPogoCallSite (24 bytes)
Event: 135.396 Thread 0x02121400 nmethod 3424 0x02982dc8 code [0x02982ee0, 0x02983008]

GC Heap History (10 events):
Event: 132.318 GC heap before
{Heap before GC invocations=107 (full 6):
 def new generation   total 50496K, used 50496K [0x0c320000, 0x0f9e0000, 0x16dc0000)
  eden space 44928K, 100% used [0x0c320000, 0x0ef00000, 0x0ef00000)
  from space 5568K, 100% used [0x0ef00000, 0x0f470000, 0x0f470000)
  to   space 5568K,   0% used [0x0f470000, 0x0f470000, 0x0f9e0000)
 tenured generation   total 111940K, used 70783K [0x16dc0000, 0x1db11000, 0x2c320000)
   the space 111940K,  63% used [0x16dc0000, 0x1b2dfec0, 0x1b2e0000, 0x1db11000)
 compacting perm gen  total 24064K, used 23843K [0x2c320000, 0x2daa0000, 0x38320000)
   the space 24064K,  99% used [0x2c320000, 0x2da68d80, 0x2da68e00, 0x2daa0000)
    ro space 10240K,  44% used [0x38320000, 0x38797e30, 0x38798000, 0x38d20000)
    rw space 12288K,  52% used [0x38d20000, 0x3936eb58, 0x3936ec00, 0x39920000)
Event: 132.327 GC heap after
Heap after GC invocations=108 (full 6):
 def new generation   total 50496K, used 833K [0x0c320000, 0x0f9e0000, 0x16dc0000)
  eden space 44928K,   0% used [0x0c320000, 0x0c320000, 0x0ef00000)
  from space 5568K,  14% used [0x0f470000, 0x0f540748, 0x0f9e0000)
  to   space 5568K,   0% used [0x0ef00000, 0x0ef00000, 0x0f470000)
 tenured generation   total 111940K, used 73820K [0x16dc0000, 0x1db11000, 0x2c320000)
   the space 111940K,  65% used [0x16dc0000, 0x1b5d7030, 0x1b5d7200, 0x1db11000)
 compacting perm gen  total 24064K, used 23843K [0x2c320000, 0x2daa0000, 0x38320000)
   the space 24064K,  99% used [0x2c320000, 0x2da68d80, 0x2da68e00, 0x2daa0000)
    ro space 10240K,  44% used [0x38320000, 0x38797e30, 0x38798000, 0x38d20000)
    rw space 12288K,  52% used [0x38d20000, 0x3936eb58, 0x3936ec00, 0x39920000)
}
Event: 132.697 GC heap before
{Heap before GC invocations=108 (full 6):
 def new generation   total 50496K, used 45761K [0x0c320000, 0x0f9e0000, 0x16dc0000)
  eden space 44928K, 100% used [0x0c320000, 0x0ef00000, 0x0ef00000)
  from space 5568K,  14% used [0x0f470000, 0x0f540748, 0x0f9e0000)
  to   space 5568K,   0% used [0x0ef00000, 0x0ef00000, 0x0f470000)
 tenured generation   total 111940K, used 73820K [0x16dc0000, 0x1db11000, 0x2c320000)
   the space 111940K,  65% used [0x16dc0000, 0x1b5d7030, 0x1b5d7200, 0x1db11000)
 compacting perm gen  total 24064K, used 23844K [0x2c320000, 0x2daa0000, 0x38320000)
   the space 24064K,  99% used [0x2c320000, 0x2da69118, 0x2da69200, 0x2daa0000)
    ro space 10240K,  44% used [0x38320000, 0x38797e30, 0x38798000, 0x38d20000)
    rw space 12288K,  52% used [0x38d20000, 0x3936eb58, 0x3936ec00, 0x39920000)
Event: 132.709 GC heap after
Heap after GC invocations=109 (full 6):
 def new generation   total 50496K, used 5568K [0x0c320000, 0x0f9e0000, 0x16dc0000)
  eden space 44928K,   0% used [0x0c320000, 0x0c320000, 0x0ef00000)
  from space 5568K, 100% used [0x0ef00000, 0x0f470000, 0x0f470000)
  to   space 5568K,   0% used [0x0f470000, 0x0f470000, 0x0f9e0000)
 tenured generation   total 111940K, used 74355K [0x16dc0000, 0x1db11000, 0x2c320000)
   the space 111940K,  66% used [0x16dc0000, 0x1b65cf90, 0x1b65d000, 0x1db11000)
 compacting perm gen  total 24064K, used 23844K [0x2c320000, 0x2daa0000, 0x38320000)
   the space 24064K,  99% used [0x2c320000, 0x2da69118, 0x2da69200, 0x2daa0000)
    ro space 10240K,  44% used [0x38320000, 0x38797e30, 0x38798000, 0x38d20000)
    rw space 12288K,  52% used [0x38d20000, 0x3936eb58, 0x3936ec00, 0x39920000)
}
Event: 133.127 GC heap before
{Heap before GC invocations=109 (full 6):
 def new generation   total 50496K, used 50496K [0x0c320000, 0x0f9e0000, 0x16dc0000)
  eden space 44928K, 100% used [0x0c320000, 0x0ef00000, 0x0ef00000)
  from space 5568K, 100% used [0x0ef00000, 0x0f470000, 0x0f470000)
  to   space 5568K,   0% used [0x0f470000, 0x0f470000, 0x0f9e0000)
 tenured generation   total 111940K, used 74355K [0x16dc0000, 0x1db11000, 0x2c320000)
   the space 111940K,  66% used [0x16dc0000, 0x1b65cf90, 0x1b65d000, 0x1db11000)
 compacting perm gen  total 24064K, used 23869K [0x2c320000, 0x2daa0000, 0x38320000)
   the space 24064K,  99% used [0x2c320000, 0x2da6f418, 0x2da6f600, 0x2daa0000)
    ro space 10240K,  44% used [0x38320000, 0x38797e30, 0x38798000, 0x38d20000)
    rw space 12288K,  52% used [0x38d20000, 0x3936eb58, 0x3936ec00, 0x39920000)
Event: 133.133 GC heap after
Heap after GC invocations=110 (full 6):
 def new generation   total 50496K, used 1134K [0x0c320000, 0x0f9e0000, 0x16dc0000)
  eden space 44928K,   0% used [0x0c320000, 0x0c320000, 0x0ef00000)
  from space 5568K,  20% used [0x0f470000, 0x0f58baf0, 0x0f9e0000)
  to   space 5568K,   0% used [0x0ef00000, 0x0ef00000, 0x0f470000)
 tenured generation   total 111940K, used 75880K [0x16dc0000, 0x1db11000, 0x2c320000)
   the space 111940K,  67% used [0x16dc0000, 0x1b7da058, 0x1b7da200, 0x1db11000)
 compacting perm gen  total 24064K, used 23869K [0x2c320000, 0x2daa0000, 0x38320000)
   the space 24064K,  99% used [0x2c320000, 0x2da6f418, 0x2da6f600, 0x2daa0000)
    ro space 10240K,  44% used [0x38320000, 0x38797e30, 0x38798000, 0x38d20000)
    rw space 12288K,  52% used [0x38d20000, 0x3936eb58, 0x3936ec00, 0x39920000)
}
Event: 133.463 GC heap before
{Heap before GC invocations=110 (full 6):
 def new generation   total 50496K, used 46062K [0x0c320000, 0x0f9e0000, 0x16dc0000)
  eden space 44928K, 100% used [0x0c320000, 0x0ef00000, 0x0ef00000)
  from space 5568K,  20% used [0x0f470000, 0x0f58baf0, 0x0f9e0000)
  to   space 5568K,   0% used [0x0ef00000, 0x0ef00000, 0x0f470000)
 tenured generation   total 111940K, used 75880K [0x16dc0000, 0x1db11000, 0x2c320000)
   the space 111940K,  67% used [0x16dc0000, 0x1b7da058, 0x1b7da200, 0x1db11000)
 compacting perm gen  total 24064K, used 23884K [0x2c320000, 0x2daa0000, 0x38320000)
   the space 24064K,  99% used [0x2c320000, 0x2da73158, 0x2da73200, 0x2daa0000)
    ro space 10240K,  44% used [0x38320000, 0x38797e30, 0x38798000, 0x38d20000)
    rw space 12288K,  52% used [0x38d20000, 0x3936eb58, 0x3936ec00, 0x39920000)
Event: 133.473 GC heap after
Heap after GC invocations=111 (full 6):
 def new generation   total 50496K, used 3419K [0x0c320000, 0x0f9e0000, 0x16dc0000)
  eden space 44928K,   0% used [0x0c320000, 0x0c320000, 0x0ef00000)
  from space 5568K,  61% used [0x0ef00000, 0x0f256e98, 0x0f470000)
  to   space 5568K,   0% used [0x0f470000, 0x0f470000, 0x0f9e0000)
 tenured generation   total 111940K, used 75880K [0x16dc0000, 0x1db11000, 0x2c320000)
   the space 111940K,  67% used [0x16dc0000, 0x1b7da058, 0x1b7da200, 0x1db11000)
 compacting perm gen  total 24064K, used 23884K [0x2c320000, 0x2daa0000, 0x38320000)
   the space 24064K,  99% used [0x2c320000, 0x2da73158, 0x2da73200, 0x2daa0000)
    ro space 10240K,  44% used [0x38320000, 0x38797e30, 0x38798000, 0x38d20000)
    rw space 12288K,  52% used [0x38d20000, 0x3936eb58, 0x3936ec00, 0x39920000)
}
Event: 135.139 GC heap before
{Heap before GC invocations=111 (full 6):
 def new generation   total 50496K, used 48347K [0x0c320000, 0x0f9e0000, 0x16dc0000)
  eden space 44928K, 100% used [0x0c320000, 0x0ef00000, 0x0ef00000)
  from space 5568K,  61% used [0x0ef00000, 0x0f256e98, 0x0f470000)
  to   space 5568K,   0% used [0x0f470000, 0x0f470000, 0x0f9e0000)
 tenured generation   total 111940K, used 75880K [0x16dc0000, 0x1db11000, 0x2c320000)
   the space 111940K,  67% used [0x16dc0000, 0x1b7da058, 0x1b7da200, 0x1db11000)
 compacting perm gen  total 24064K, used 23985K [0x2c320000, 0x2daa0000, 0x38320000)
   the space 24064K,  99% used [0x2c320000, 0x2da8c778, 0x2da8c800, 0x2daa0000)
    ro space 10240K,  44% used [0x38320000, 0x38797e30, 0x38798000, 0x38d20000)
    rw space 12288K,  52% used [0x38d20000, 0x3936eb58, 0x3936ec00, 0x39920000)
Event: 135.152 GC heap after
Heap after GC invocations=112 (full 6):
 def new generation   total 50496K, used 1828K [0x0c320000, 0x0f9e0000, 0x16dc0000)
  eden space 44928K,   0% used [0x0c320000, 0x0c320000, 0x0ef00000)
  from space 5568K,  32% used [0x0f470000, 0x0f639210, 0x0f9e0000)
  to   space 5568K,   0% used [0x0ef00000, 0x0ef00000, 0x0f470000)
 tenured generation   total 111940K, used 78886K [0x16dc0000, 0x1db11000, 0x2c320000)
   the space 111940K,  70% used [0x16dc0000, 0x1bac9a70, 0x1bac9c00, 0x1db11000)
 compacting perm gen  total 24064K, used 23985K [0x2c320000, 0x2daa0000, 0x38320000)
   the space 24064K,  99% used [0x2c320000, 0x2da8c778, 0x2da8c800, 0x2daa0000)
    ro space 10240K,  44% used [0x38320000, 0x38797e30, 0x38798000, 0x38d20000)
    rw space 12288K,  52% used [0x38d20000, 0x3936eb58, 0x3936ec00, 0x39920000)
}

Deoptimization events (0 events):
No events

Internal exceptions (10 events):
Event: 135.268 Thread 0x01fcb800 Threw 0x0ce6eb10 at C:\re\jdk7u51\527\hotspot\src\share\vm\prims\jvm.cpp:1244
Event: 135.298 Thread 0x01fcb800 Threw 0x0d381808 at C:\re\jdk7u51\527\hotspot\src\share\vm\prims\jvm.cpp:1244
Event: 135.298 Thread 0x01fcb800 Threw 0x0d382220 at C:\re\jdk7u51\527\hotspot\src\share\vm\prims\jvm.cpp:1244
Event: 135.298 Thread 0x01fcb800 Threw 0x0d382ec0 at C:\re\jdk7u51\527\hotspot\src\share\vm\prims\jvm.cpp:1244
Event: 135.311 Thread 0x01fcb800 Threw 0x0d752d38 at C:\re\jdk7u51\527\hotspot\src\share\vm\prims\jvm.cpp:1244
Event: 135.311 Thread 0x01fcb800 Threw 0x0d753680 at C:\re\jdk7u51\527\hotspot\src\share\vm\prims\jvm.cpp:1244
Event: 135.311 Thread 0x01fcb800 Threw 0x0d754258 at C:\re\jdk7u51\527\hotspot\src\share\vm\prims\jvm.cpp:1244
Event: 135.385 Thread 0x01fcb800 Threw 0x0e47f738 at C:\re\jdk7u51\527\hotspot\src\share\vm\prims\jvm.cpp:1244
Event: 135.385 Thread 0x01fcb800 Threw 0x0e480038 at C:\re\jdk7u51\527\hotspot\src\share\vm\prims\jvm.cpp:1244
Event: 135.385 Thread 0x01fcb800 Threw 0x0e480bb8 at C:\re\jdk7u51\527\hotspot\src\share\vm\prims\jvm.cpp:1244

Events (10 events):
Event: 135.268 loading class 0x0505f948
Event: 135.268 loading class 0x0505f948 done
Event: 135.298 loading class 0x053cc650
Event: 135.298 loading class 0x053cc650 done
Event: 135.311 loading class 0x053cc7d0
Event: 135.311 loading class 0x053cc7d0 done
Event: 135.385 loading class 0x05898740
Event: 135.385 loading class 0x05898740 done
Event: 135.751 Thread 0x056d7000 Thread exited: 0x056d7000
Event: 1016.632 Thread 0x05c3f000 Thread added: 0x05c3f000


Dynamic libraries:
0x00d50000 - 0x00d7f000 	C:\Program Files\Java\jdk1.7.0_51\bin\javaw.exe
0x779a0000 - 0x77b08000 	C:\Windows\SYSTEM32\ntdll.dll
0x77640000 - 0x77738000 	C:\Windows\system32\KERNEL32.DLL
0x75300000 - 0x753bd000 	C:\Windows\system32\KERNELBASE.dll
0x77570000 - 0x7761e000 	C:\Windows\system32\ADVAPI32.dll
0x77740000 - 0x77861000 	C:\Windows\system32\USER32.dll
0x73810000 - 0x73a08000 	C:\Windows\WinSxS\x86_microsoft.windows.common-controls_6595b64144ccf1df_6.0.9200.16579_none_8937eec6860750f5\COMCTL32.dll
0x774b0000 - 0x77561000 	C:\Windows\system32\msvcrt.dll
0x763a0000 - 0x763d4000 	C:\Windows\SYSTEM32\sechost.dll
0x761c0000 - 0x76291000 	C:\Windows\system32\RPCRT4.dll
0x75790000 - 0x7589b000 	C:\Windows\system32\GDI32.dll
0x762a0000 - 0x762cb000 	C:\Windows\system32\IMM32.DLL
0x760e0000 - 0x761be000 	C:\Windows\system32\MSCTF.dll
0x74f40000 - 0x74f69000 	C:\Windows\system32\nvinit.dll
0x651e0000 - 0x6529f000 	C:\Program Files\Java\jdk1.7.0_51\jre\bin\msvcr100.dll
0x64980000 - 0x64d00000 	C:\Program Files\Java\jdk1.7.0_51\jre\bin\client\jvm.dll
0x70c50000 - 0x70c58000 	C:\Windows\SYSTEM32\WSOCK32.dll
0x70c10000 - 0x70c31000 	C:\Windows\SYSTEM32\WINMM.dll
0x75ec0000 - 0x75ec6000 	C:\Windows\system32\PSAPI.DLL
0x76350000 - 0x763a0000 	C:\Windows\system32\WS2_32.dll
0x70820000 - 0x7084b000 	C:\Windows\SYSTEM32\WINMMBASE.dll
0x75f60000 - 0x75f68000 	C:\Windows\system32\NSI.dll
0x752b0000 - 0x752f6000 	C:\Windows\SYSTEM32\cfgmgr32.dll
0x75020000 - 0x7503e000 	C:\Windows\system32\DEVOBJ.dll
0x6f5a0000 - 0x6f5ac000 	C:\Program Files\Java\jdk1.7.0_51\jre\bin\verify.dll
0x6db10000 - 0x6db30000 	C:\Program Files\Java\jdk1.7.0_51\jre\bin\java.dll
0x6da90000 - 0x6daa3000 	C:\Program Files\Java\jdk1.7.0_51\jre\bin\zip.dll
0x6d030000 - 0x6d044000 	C:\Program Files\Java\jdk1.7.0_51\jre\bin\net.dll
0x74900000 - 0x7494a000 	C:\Windows\system32\mswsock.dll
0x6c900000 - 0x6c910000 	C:\Windows\system32\napinsp.dll
0x6c910000 - 0x6c924000 	C:\Windows\system32\pnrpnsp.dll
0x71bb0000 - 0x71bc0000 	C:\Windows\system32\NLAapi.dll
0x74790000 - 0x74805000 	C:\Windows\SYSTEM32\DNSAPI.dll
0x6c930000 - 0x6c939000 	C:\Windows\System32\winrnr.dll
0x6db50000 - 0x6db57000 	C:\Windows\System32\rasadhlp.dll
0x704f0000 - 0x70510000 	C:\Windows\SYSTEM32\IPHLPAPI.DLL
0x704c0000 - 0x704c8000 	C:\Windows\SYSTEM32\WINNSI.DLL
0x70170000 - 0x701af000 	C:\Windows\System32\fwpuclnt.dll
0x6f590000 - 0x6f59f000 	C:\Program Files\Java\jdk1.7.0_51\jre\bin\nio.dll
0x74950000 - 0x7496a000 	C:\Windows\SYSTEM32\CRYPTSP.dll
0x74670000 - 0x746ae000 	C:\Windows\system32\rsaenh.dll
0x74740000 - 0x7475b000 	C:\Windows\SYSTEM32\USERENV.dll
0x74f80000 - 0x74f91000 	C:\Windows\SYSTEM32\profapi.dll
0x74de0000 - 0x74de9000 	C:\Windows\SYSTEM32\CRYPTBASE.dll
0x74d80000 - 0x74dd1000 	C:\Windows\SYSTEM32\bcryptPrimitives.dll
0x62cb0000 - 0x62dd9000 	C:\Windows\SYSTEM32\dbghelp.dll

VM Arguments:
jvm_args: -Xmx512M -XX:MaxPermSize=192m -Dtools.jar=C:\Program Files\Java\jdk1.7.0_51\lib\tools.jar -Djline.terminal=jline.UnsupportedTerminal -Dgrails.home=C:\grails\grails-2.2.4\ -Dfile.encoding=UTF-8 
java_command: org.codehaus.groovy.grails.cli.support.GrailsStarter --main org.grails.ide.eclipse.longrunning.process.GrailsProcess --conf C:\grails\grails-2.2.4\/conf/groovy-starter.conf --classpath /C:/grails/ggts/ggts-3.3.0.RELEASE/configuration/org.eclipse.osgi/bundles/848/1/.cp/;/C:/grails/ggts/ggts-3.3.0.RELEASE/configuration/org.eclipse.osgi/bundles/850/1/.cp/ --is14
Launcher Type: SUN_STANDARD

Environment Variables:
JAVA_HOME=C:\Program Files\Java\jdk1.7.0_51
PATH=C:\Windows\system32;C:\Windows;C:\Windows\System32\Wbem;C:\Windows\System32\WindowsPowerShell\v1.0\;C:\grails\bin;C:\Program Files\Java\jdk1.7.0_51\bin;.;;.;;.;
USERNAME=Randy
OS=Windows_NT
PROCESSOR_IDENTIFIER=x86 Family 6 Model 42 Stepping 7, GenuineIntel



---------------  S Y S T E M  ---------------

OS: Windows 8 Build 9200 

CPU:total 4 (2 cores per cpu, 2 threads per core) family 6 model 42 stepping 7, cmov, cx8, fxsr, mmx, sse, sse2, sse3, ssse3, sse4.1, sse4.2, popcnt, avx, aes, ht, tsc, tscinvbit

Memory: 4k page, physical 1937580k(341824k free), swap 4821164k(1835036k free)

vm_info: Java HotSpot(TM) Client VM (24.51-b03) for windows-x86 JRE (1.7.0_51-b13), built on Dec 18 2013 19:09:58 by "java_re" with unknown MS VC++:1600

time: Fri Feb 21 19:48:54 2014
elapsed time: 1019 seconds

